  [1m[36m (1.8ms)[0m  [1mCREATE TABLE "schema_migrations" ("version" varchar(255) NOT NULL) [0m
  [1m[35m (1.0ms)[0m  CREATE UNIQUE INDEX "unique_schema_migrations" ON "schema_migrations" ("version")
  [1m[36mActiveRecord::SchemaMigration Load (0.1ms)[0m  [1mSELECT "schema_migrations".* FROM "schema_migrations"[0m
Migrating to CreateProducts (20140107005610)
  [1m[35m (0.1ms)[0m  begin transaction
  [1m[36m (0.6ms)[0m  [1mCREATE TABLE "products" ("id" INTEGER PRIMARY KEY AUTOINCREMENT NOT NULL, "title" varchar(255), "description" text, "image_url" varchar(255), "price" decimal(8,2), "created_at" datetime, "updated_at" datetime) [0m
  [1m[35mSQL (0.4ms)[0m  INSERT INTO "schema_migrations" ("version") VALUES (?)  [["version", "20140107005610"]]
  [1m[36m (1.5ms)[0m  [1mcommit transaction[0m
  [1m[35mActiveRecord::SchemaMigration Load (0.2ms)[0m  SELECT "schema_migrations".* FROM "schema_migrations"


Started GET "/" for 127.0.0.1 at 2014-01-06 19:01:40 -0600
  [1m[36mActiveRecord::SchemaMigration Load (0.2ms)[0m  [1mSELECT "schema_migrations".* FROM "schema_migrations"[0m
Processing by Rails::WelcomeController#index as HTML
  Rendered /usr/local/rvm/gems/ruby-2.0.0-p353/gems/railties-4.0.1/lib/rails/templates/rails/welcome/index.html.erb (2.3ms)
Completed 200 OK in 47ms (Views: 11.1ms | ActiveRecord: 0.0ms)


Started GET "/" for 127.0.0.1 at 2014-01-06 19:02:02 -0600
Processing by Rails::WelcomeController#index as HTML
  Rendered /usr/local/rvm/gems/ruby-2.0.0-p353/gems/railties-4.0.1/lib/rails/templates/rails/welcome/index.html.erb (0.1ms)
Completed 200 OK in 3ms (Views: 2.2ms | ActiveRecord: 0.0ms)


Started GET "/" for 127.0.0.1 at 2014-01-06 19:02:02 -0600
Processing by Rails::WelcomeController#index as HTML
  Rendered /usr/local/rvm/gems/ruby-2.0.0-p353/gems/railties-4.0.1/lib/rails/templates/rails/welcome/index.html.erb (0.0ms)
Completed 200 OK in 2ms (Views: 1.7ms | ActiveRecord: 0.0ms)


Started GET "/products" for 127.0.0.1 at 2014-01-06 19:02:04 -0600
Processing by ProductsController#index as HTML
  [1m[35mProduct Load (0.2ms)[0m  SELECT "products".* FROM "products"
  Rendered products/index.html.erb within layouts/application (2.1ms)
Completed 200 OK in 949ms (Views: 945.3ms | ActiveRecord: 0.2ms)


Started GET "/assets/products.css?body=1" for 127.0.0.1 at 2014-01-06 19:02:05 -0600


Started GET "/assets/application.css?body=1" for 127.0.0.1 at 2014-01-06 19:02:05 -0600


Started GET "/assets/scaffolds.css?body=1" for 127.0.0.1 at 2014-01-06 19:02:05 -0600


Started GET "/assets/products.js?body=1" for 127.0.0.1 at 2014-01-06 19:02:05 -0600


Started GET "/assets/turbolinks.js?body=1" for 127.0.0.1 at 2014-01-06 19:02:05 -0600


Started GET "/assets/jquery.js?body=1" for 127.0.0.1 at 2014-01-06 19:02:05 -0600


Started GET "/assets/jquery_ujs.js?body=1" for 127.0.0.1 at 2014-01-06 19:02:05 -0600


Started GET "/assets/application.js?body=1" for 127.0.0.1 at 2014-01-06 19:02:06 -0600


Started GET "/products/new" for 127.0.0.1 at 2014-01-06 19:02:22 -0600
Processing by ProductsController#new as HTML
  Rendered products/_form.html.erb (28.5ms)
  Rendered products/new.html.erb within layouts/application (33.7ms)
Completed 200 OK in 43ms (Views: 40.5ms | ActiveRecord: 0.5ms)


Started GET "/products/new" for 127.0.0.1 at 2014-01-06 19:03:49 -0600
Processing by ProductsController#new as HTML
  Rendered products/_form.html.erb (4.9ms)
  Rendered products/new.html.erb within layouts/application (6.7ms)
Completed 200 OK in 12ms (Views: 11.5ms | ActiveRecord: 0.0ms)


Started GET "/assets/application.css?body=1" for 127.0.0.1 at 2014-01-06 19:03:49 -0600


Started GET "/assets/products.css?body=1" for 127.0.0.1 at 2014-01-06 19:03:49 -0600


Started GET "/assets/turbolinks.js?body=1" for 127.0.0.1 at 2014-01-06 19:03:49 -0600


Started GET "/assets/jquery.js?body=1" for 127.0.0.1 at 2014-01-06 19:03:49 -0600


Started GET "/assets/jquery_ujs.js?body=1" for 127.0.0.1 at 2014-01-06 19:03:49 -0600


Started GET "/assets/products.js?body=1" for 127.0.0.1 at 2014-01-06 19:03:49 -0600


Started GET "/assets/scaffolds.css?body=1" for 127.0.0.1 at 2014-01-06 19:03:49 -0600


Started GET "/assets/application.js?body=1" for 127.0.0.1 at 2014-01-06 19:03:49 -0600


Started POST "/products" for 127.0.0.1 at 2014-01-06 19:04:44 -0600
Processing by ProductsController#create as HTML
  Parameters: {"utf8"=>"✓", "authenticity_token"=>"kTF34X+lLi283E9mal1A/+kXoYPMohHtHLs6vE0Til8=", "product"=>{"title"=>"Seasalt", "description"=>"it is just better, still simple. ", "image_url"=>"seasalt.jpg", "price"=>"16.99"}, "commit"=>"Create Product"}
  [1m[36m (0.1ms)[0m  [1mbegin transaction[0m
  [1m[35mSQL (6.1ms)[0m  INSERT INTO "products" ("created_at", "description", "image_url", "price", "title", "updated_at") VALUES (?, ?, ?, ?, ?, ?)  [["created_at", Tue, 07 Jan 2014 01:04:44 UTC +00:00], ["description", "it is just better, still simple. "], ["image_url", "seasalt.jpg"], ["price", #<BigDecimal:7f8e9406a930,'0.1699E2',18(18)>], ["title", "Seasalt"], ["updated_at", Tue, 07 Jan 2014 01:04:44 UTC +00:00]]
  [1m[36m (0.8ms)[0m  [1mcommit transaction[0m
Redirected to http://localhost:3000/products/1
Completed 302 Found in 15ms (ActiveRecord: 7.1ms)


Started GET "/products/1" for 127.0.0.1 at 2014-01-06 19:04:44 -0600
Processing by ProductsController#show as HTML
  Parameters: {"id"=>"1"}
  [1m[35mProduct Load (0.3ms)[0m  SELECT "products".* FROM "products" WHERE "products"."id" = ? LIMIT 1  [["id", "1"]]
  Rendered products/show.html.erb within layouts/application (2.1ms)
Completed 200 OK in 12ms (Views: 8.0ms | ActiveRecord: 0.3ms)


Started GET "/assets/products.css?body=1" for 127.0.0.1 at 2014-01-06 19:04:44 -0600


Started GET "/assets/application.css?body=1" for 127.0.0.1 at 2014-01-06 19:04:44 -0600


Started GET "/assets/scaffolds.css?body=1" for 127.0.0.1 at 2014-01-06 19:04:44 -0600


Started GET "/assets/jquery_ujs.js?body=1" for 127.0.0.1 at 2014-01-06 19:04:44 -0600


Started GET "/assets/jquery.js?body=1" for 127.0.0.1 at 2014-01-06 19:04:44 -0600


Started GET "/assets/products.js?body=1" for 127.0.0.1 at 2014-01-06 19:04:44 -0600


Started GET "/assets/turbolinks.js?body=1" for 127.0.0.1 at 2014-01-06 19:04:44 -0600


Started GET "/assets/application.js?body=1" for 127.0.0.1 at 2014-01-06 19:04:44 -0600
  [1m[36mActiveRecord::SchemaMigration Load (0.1ms)[0m  [1mSELECT "schema_migrations".* FROM "schema_migrations"[0m
  [1m[35mSQL (2.7ms)[0m  DELETE FROM "products"
  [1m[36m (0.1ms)[0m  [1mbegin transaction[0m
  [1m[35mSQL (3.2ms)[0m  INSERT INTO "products" ("created_at", "description", "image_url", "price", "title", "updated_at") VALUES (?, ?, ?, ?, ?, ?)  [["created_at", Tue, 07 Jan 2014 01:10:57 UTC +00:00], ["description", "<p>\n        CoffeeScript is JavaScript done right. It provides all of JavaScript's\n  functionality wrapped in a cleaner, more succinct syntax. In the first\n  book on this exciting new language, CoffeeScript guru Trevor Burnham\n  shows you how to hold onto all the power and flexibility of JavaScript\n  while writing clearer, cleaner, and safer code.\n      </p>"], ["image_url", "cs.jpg"], ["price", #<BigDecimal:7f8866bcb088,'0.36E2',9(45)>], ["title", "CoffeeScript"], ["updated_at", Tue, 07 Jan 2014 01:10:57 UTC +00:00]]
  [1m[36m (1.0ms)[0m  [1mcommit transaction[0m
  [1m[35m (0.1ms)[0m  begin transaction
  [1m[36mSQL (0.4ms)[0m  [1mINSERT INTO "products" ("created_at", "description", "image_url", "price", "title", "updated_at") VALUES (?, ?, ?, ?, ?, ?)[0m  [["created_at", Tue, 07 Jan 2014 01:10:57 UTC +00:00], ["description", "<p>\n        Ruby is the fastest growing and most exciting dynamic language\n        out there. If you need to get working programs delivered fast,\n        you should add Ruby to your toolbox.\n      </p>"], ["image_url", "ruby.jpg"], ["price", #<BigDecimal:7f8866bfdb28,'0.4995E2',18(45)>], ["title", "Programming Ruby 1.9 & 2.0"], ["updated_at", Tue, 07 Jan 2014 01:10:57 UTC +00:00]]
  [1m[35m (1.0ms)[0m  commit transaction
  [1m[36m (0.1ms)[0m  [1mbegin transaction[0m
  [1m[35mSQL (0.9ms)[0m  INSERT INTO "products" ("created_at", "description", "image_url", "price", "title", "updated_at") VALUES (?, ?, ?, ?, ?, ?)  [["created_at", Tue, 07 Jan 2014 01:10:57 UTC +00:00], ["description", "<p>\n        <em>Rails Test Prescriptions</em> is a comprehensive guide to testing\n        Rails applications, covering Test-Driven Development from both a\n        theoretical perspective (why to test) and from a practical perspective\n        (how to test effectively). It covers the core Rails testing tools and\n        procedures for Rails 2 and Rails 3, and introduces popular add-ons,\n        including Cucumber, Shoulda, Machinist, Mocha, and Rcov.\n      </p>"], ["image_url", "rtp.jpg"], ["price", #<BigDecimal:7f8866c0c448,'0.3495E2',18(45)>], ["title", "Rails Test Prescriptions"], ["updated_at", Tue, 07 Jan 2014 01:10:57 UTC +00:00]]
  [1m[36m (1.2ms)[0m  [1mcommit transaction[0m


Started GET "/products" for 127.0.0.1 at 2014-01-06 19:35:09 -0600
Processing by ProductsController#index as HTML
  [1m[36mProduct Load (0.3ms)[0m  [1mSELECT "products".* FROM "products"[0m
  Rendered products/index.html.erb within layouts/application (17.7ms)
Completed 500 Internal Server Error in 21ms

ActionView::Template::Error (undefined local variable or method `prodcut' for #<#<Class:0x007f8e95a2fa00>:0x007f8e95af6bc8>):
    4:     <% @products.each do |product| %>
    5:       <tr class="<%= cycle('list_line_odd', 'list_line_even') %>">
    6:         <td>
    7:           <%= image_tag(prodcut.image_url, class: 'list_image') %>
    8:         </td>
    9:         <td class="list_description">
   10:           <dl>
  app/views/products/index.html.erb:7:in `block in _app_views_products_index_html_erb__1000953548763147093_70125186690300'
  app/views/products/index.html.erb:4:in `_app_views_products_index_html_erb__1000953548763147093_70125186690300'


  Rendered /usr/local/rvm/gems/ruby-2.0.0-p353/gems/actionpack-4.0.1/lib/action_dispatch/middleware/templates/rescues/_trace.erb (1.5ms)
  Rendered /usr/local/rvm/gems/ruby-2.0.0-p353/gems/actionpack-4.0.1/lib/action_dispatch/middleware/templates/rescues/_request_and_response.erb (1.2ms)
  Rendered /usr/local/rvm/gems/ruby-2.0.0-p353/gems/actionpack-4.0.1/lib/action_dispatch/middleware/templates/rescues/template_error.erb within rescues/layout (17.5ms)


Started GET "/products" for 127.0.0.1 at 2014-01-06 19:35:09 -0600
Processing by ProductsController#index as HTML
  [1m[35mProduct Load (0.3ms)[0m  SELECT "products".* FROM "products"
  Rendered products/index.html.erb within layouts/application (40.7ms)
Completed 500 Internal Server Error in 45ms

ActionView::Template::Error (undefined local variable or method `prodcut' for #<#<Class:0x007f8e95a2fa00>:0x007f8e92bf6508>):
    4:     <% @products.each do |product| %>
    5:       <tr class="<%= cycle('list_line_odd', 'list_line_even') %>">
    6:         <td>
    7:           <%= image_tag(prodcut.image_url, class: 'list_image') %>
    8:         </td>
    9:         <td class="list_description">
   10:           <dl>
  app/views/products/index.html.erb:7:in `block in _app_views_products_index_html_erb__1000953548763147093_70125186690300'
  app/views/products/index.html.erb:4:in `_app_views_products_index_html_erb__1000953548763147093_70125186690300'


  Rendered /usr/local/rvm/gems/ruby-2.0.0-p353/gems/actionpack-4.0.1/lib/action_dispatch/middleware/templates/rescues/_trace.erb (1.3ms)
  Rendered /usr/local/rvm/gems/ruby-2.0.0-p353/gems/actionpack-4.0.1/lib/action_dispatch/middleware/templates/rescues/_request_and_response.erb (1.2ms)
  Rendered /usr/local/rvm/gems/ruby-2.0.0-p353/gems/actionpack-4.0.1/lib/action_dispatch/middleware/templates/rescues/template_error.erb within rescues/layout (13.4ms)


Started GET "/products" for 127.0.0.1 at 2014-01-06 19:35:28 -0600
Processing by ProductsController#index as HTML
  [1m[36mProduct Load (0.3ms)[0m  [1mSELECT "products".* FROM "products"[0m
  Rendered products/index.html.erb within layouts/application (18.3ms)
Completed 500 Internal Server Error in 21ms

ActionView::Template::Error (undefined local variable or method `product_description' for #<#<Class:0x007f8e95a2fa00>:0x007f8e958e6838>):
     9:         <td class="list_description">
    10:           <dl>
    11:             <dt><%= product.title %></dt>
    12:             <dd><%= truncate(strip_tags(product_description), length: 80) %></dd>
    13:           </dl>
    14:         </td>
    15:         <td class="list_actions">
  app/views/products/index.html.erb:12:in `block in _app_views_products_index_html_erb__1000953548763147093_70125185607540'
  app/views/products/index.html.erb:4:in `_app_views_products_index_html_erb__1000953548763147093_70125185607540'


  Rendered /usr/local/rvm/gems/ruby-2.0.0-p353/gems/actionpack-4.0.1/lib/action_dispatch/middleware/templates/rescues/_trace.erb (1.5ms)
  Rendered /usr/local/rvm/gems/ruby-2.0.0-p353/gems/actionpack-4.0.1/lib/action_dispatch/middleware/templates/rescues/_request_and_response.erb (1.1ms)
  Rendered /usr/local/rvm/gems/ruby-2.0.0-p353/gems/actionpack-4.0.1/lib/action_dispatch/middleware/templates/rescues/template_error.erb within rescues/layout (13.4ms)


Started GET "/products" for 127.0.0.1 at 2014-01-06 19:35:53 -0600
Processing by ProductsController#index as HTML
  [1m[35mProduct Load (0.3ms)[0m  SELECT "products".* FROM "products"
  Rendered products/index.html.erb within layouts/application (55.9ms)
Completed 200 OK in 91ms (Views: 89.1ms | ActiveRecord: 0.3ms)


Started GET "/assets/application.css?body=1" for 127.0.0.1 at 2014-01-06 19:35:53 -0600


Started GET "/assets/jquery.js?body=1" for 127.0.0.1 at 2014-01-06 19:35:53 -0600


Started GET "/assets/scaffolds.css?body=1" for 127.0.0.1 at 2014-01-06 19:35:53 -0600


Started GET "/assets/products.css?body=1" for 127.0.0.1 at 2014-01-06 19:35:53 -0600


Started GET "/assets/turbolinks.js?body=1" for 127.0.0.1 at 2014-01-06 19:35:53 -0600


Started GET "/assets/jquery_ujs.js?body=1" for 127.0.0.1 at 2014-01-06 19:35:53 -0600


Started GET "/assets/products.js?body=1" for 127.0.0.1 at 2014-01-06 19:35:53 -0600


Started GET "/assets/application.js?body=1" for 127.0.0.1 at 2014-01-06 19:35:53 -0600


Started GET "/images/cs.jpg" for 127.0.0.1 at 2014-01-06 19:35:53 -0600

ActionController::RoutingError (No route matches [GET] "/images/cs.jpg"):
  actionpack (4.0.1) lib/action_dispatch/middleware/debug_exceptions.rb:21:in `call'
  actionpack (4.0.1) lib/action_dispatch/middleware/show_exceptions.rb:30:in `call'
  railties (4.0.1) lib/rails/rack/logger.rb:38:in `call_app'
  railties (4.0.1) lib/rails/rack/logger.rb:20:in `block in call'
  activesupport (4.0.1) lib/active_support/tagged_logging.rb:67:in `block in tagged'
  activesupport (4.0.1) lib/active_support/tagged_logging.rb:25:in `tagged'
  activesupport (4.0.1) lib/active_support/tagged_logging.rb:67:in `tagged'
  railties (4.0.1) lib/rails/rack/logger.rb:20:in `call'
  actionpack (4.0.1) lib/action_dispatch/middleware/request_id.rb:21:in `call'
  rack (1.5.2) lib/rack/methodoverride.rb:21:in `call'
  rack (1.5.2) lib/rack/runtime.rb:17:in `call'
  activesupport (4.0.1) lib/active_support/cache/strategy/local_cache.rb:83:in `call'
  rack (1.5.2) lib/rack/lock.rb:17:in `call'
  actionpack (4.0.1) lib/action_dispatch/middleware/static.rb:64:in `call'
  rack (1.5.2) lib/rack/sendfile.rb:112:in `call'
  railties (4.0.1) lib/rails/engine.rb:511:in `call'
  railties (4.0.1) lib/rails/application.rb:97:in `call'
  rack (1.5.2) lib/rack/lock.rb:17:in `call'
  rack (1.5.2) lib/rack/content_length.rb:14:in `call'
  rack (1.5.2) lib/rack/handler/webrick.rb:60:in `service'
  /usr/local/rvm/rubies/ruby-2.0.0-p353/lib/ruby/2.0.0/webrick/httpserver.rb:138:in `service'
  /usr/local/rvm/rubies/ruby-2.0.0-p353/lib/ruby/2.0.0/webrick/httpserver.rb:94:in `run'
  /usr/local/rvm/rubies/ruby-2.0.0-p353/lib/ruby/2.0.0/webrick/server.rb:295:in `block in start_thread'


  Rendered /usr/local/rvm/gems/ruby-2.0.0-p353/gems/actionpack-4.0.1/lib/action_dispatch/middleware/templates/rescues/_trace.erb (2.1ms)
  Rendered /usr/local/rvm/gems/ruby-2.0.0-p353/gems/actionpack-4.0.1/lib/action_dispatch/middleware/templates/routes/_route.html.erb (1.7ms)
  Rendered /usr/local/rvm/gems/ruby-2.0.0-p353/gems/actionpack-4.0.1/lib/action_dispatch/middleware/templates/routes/_table.html.erb (3.2ms)
  Rendered /usr/local/rvm/gems/ruby-2.0.0-p353/gems/actionpack-4.0.1/lib/action_dispatch/middleware/templates/rescues/routing_error.erb within rescues/layout (34.7ms)


Started GET "/images/rtp.jpg" for 127.0.0.1 at 2014-01-06 19:35:53 -0600

ActionController::RoutingError (No route matches [GET] "/images/rtp.jpg"):
  actionpack (4.0.1) lib/action_dispatch/middleware/debug_exceptions.rb:21:in `call'
  actionpack (4.0.1) lib/action_dispatch/middleware/show_exceptions.rb:30:in `call'
  railties (4.0.1) lib/rails/rack/logger.rb:38:in `call_app'
  railties (4.0.1) lib/rails/rack/logger.rb:20:in `block in call'
  activesupport (4.0.1) lib/active_support/tagged_logging.rb:67:in `block in tagged'
  activesupport (4.0.1) lib/active_support/tagged_logging.rb:25:in `tagged'
  activesupport (4.0.1) lib/active_support/tagged_logging.rb:67:in `tagged'
  railties (4.0.1) lib/rails/rack/logger.rb:20:in `call'
  actionpack (4.0.1) lib/action_dispatch/middleware/request_id.rb:21:in `call'
  rack (1.5.2) lib/rack/methodoverride.rb:21:in `call'
  rack (1.5.2) lib/rack/runtime.rb:17:in `call'
  activesupport (4.0.1) lib/active_support/cache/strategy/local_cache.rb:83:in `call'
  rack (1.5.2) lib/rack/lock.rb:17:in `call'
  actionpack (4.0.1) lib/action_dispatch/middleware/static.rb:64:in `call'
  rack (1.5.2) lib/rack/sendfile.rb:112:in `call'
  railties (4.0.1) lib/rails/engine.rb:511:in `call'
  railties (4.0.1) lib/rails/application.rb:97:in `call'
  rack (1.5.2) lib/rack/lock.rb:17:in `call'
  rack (1.5.2) lib/rack/content_length.rb:14:in `call'
  rack (1.5.2) lib/rack/handler/webrick.rb:60:in `service'
  /usr/local/rvm/rubies/ruby-2.0.0-p353/lib/ruby/2.0.0/webrick/httpserver.rb:138:in `service'
  /usr/local/rvm/rubies/ruby-2.0.0-p353/lib/ruby/2.0.0/webrick/httpserver.rb:94:in `run'
  /usr/local/rvm/rubies/ruby-2.0.0-p353/lib/ruby/2.0.0/webrick/server.rb:295:in `block in start_thread'


  Rendered /usr/local/rvm/gems/ruby-2.0.0-p353/gems/actionpack-4.0.1/lib/action_dispatch/middleware/templates/rescues/_trace.erb (1.1ms)
  Rendered /usr/local/rvm/gems/ruby-2.0.0-p353/gems/actionpack-4.0.1/lib/action_dispatch/middleware/templates/routes/_route.html.erb (1.3ms)
  Rendered /usr/local/rvm/gems/ruby-2.0.0-p353/gems/actionpack-4.0.1/lib/action_dispatch/middleware/templates/routes/_table.html.erb (1.2ms)
  Rendered /usr/local/rvm/gems/ruby-2.0.0-p353/gems/actionpack-4.0.1/lib/action_dispatch/middleware/templates/rescues/routing_error.erb within rescues/layout (20.3ms)


Started GET "/images/ruby.jpg" for 127.0.0.1 at 2014-01-06 19:35:53 -0600

ActionController::RoutingError (No route matches [GET] "/images/ruby.jpg"):
  actionpack (4.0.1) lib/action_dispatch/middleware/debug_exceptions.rb:21:in `call'
  actionpack (4.0.1) lib/action_dispatch/middleware/show_exceptions.rb:30:in `call'
  railties (4.0.1) lib/rails/rack/logger.rb:38:in `call_app'
  railties (4.0.1) lib/rails/rack/logger.rb:20:in `block in call'
  activesupport (4.0.1) lib/active_support/tagged_logging.rb:67:in `block in tagged'
  activesupport (4.0.1) lib/active_support/tagged_logging.rb:25:in `tagged'
  activesupport (4.0.1) lib/active_support/tagged_logging.rb:67:in `tagged'
  railties (4.0.1) lib/rails/rack/logger.rb:20:in `call'
  actionpack (4.0.1) lib/action_dispatch/middleware/request_id.rb:21:in `call'
  rack (1.5.2) lib/rack/methodoverride.rb:21:in `call'
  rack (1.5.2) lib/rack/runtime.rb:17:in `call'
  activesupport (4.0.1) lib/active_support/cache/strategy/local_cache.rb:83:in `call'
  rack (1.5.2) lib/rack/lock.rb:17:in `call'
  actionpack (4.0.1) lib/action_dispatch/middleware/static.rb:64:in `call'
  rack (1.5.2) lib/rack/sendfile.rb:112:in `call'
  railties (4.0.1) lib/rails/engine.rb:511:in `call'
  railties (4.0.1) lib/rails/application.rb:97:in `call'
  rack (1.5.2) lib/rack/lock.rb:17:in `call'
  rack (1.5.2) lib/rack/content_length.rb:14:in `call'
  rack (1.5.2) lib/rack/handler/webrick.rb:60:in `service'
  /usr/local/rvm/rubies/ruby-2.0.0-p353/lib/ruby/2.0.0/webrick/httpserver.rb:138:in `service'
  /usr/local/rvm/rubies/ruby-2.0.0-p353/lib/ruby/2.0.0/webrick/httpserver.rb:94:in `run'
  /usr/local/rvm/rubies/ruby-2.0.0-p353/lib/ruby/2.0.0/webrick/server.rb:295:in `block in start_thread'


  Rendered /usr/local/rvm/gems/ruby-2.0.0-p353/gems/actionpack-4.0.1/lib/action_dispatch/middleware/templates/rescues/_trace.erb (1.8ms)
  Rendered /usr/local/rvm/gems/ruby-2.0.0-p353/gems/actionpack-4.0.1/lib/action_dispatch/middleware/templates/routes/_route.html.erb (1.6ms)
  Rendered /usr/local/rvm/gems/ruby-2.0.0-p353/gems/actionpack-4.0.1/lib/action_dispatch/middleware/templates/routes/_table.html.erb (1.2ms)
  Rendered /usr/local/rvm/gems/ruby-2.0.0-p353/gems/actionpack-4.0.1/lib/action_dispatch/middleware/templates/rescues/routing_error.erb within rescues/layout (25.4ms)


Started GET "/products" for 127.0.0.1 at 2014-01-06 19:38:01 -0600
Processing by ProductsController#index as HTML
  [1m[36mProduct Load (0.2ms)[0m  [1mSELECT "products".* FROM "products"[0m
  Rendered products/index.html.erb within layouts/application (12.1ms)
Completed 200 OK in 19ms (Views: 17.4ms | ActiveRecord: 0.2ms)


Started GET "/assets/application.css?body=1" for 127.0.0.1 at 2014-01-06 19:38:01 -0600


Started GET "/assets/scaffolds.css?body=1" for 127.0.0.1 at 2014-01-06 19:38:01 -0600


Started GET "/assets/products.css?body=1" for 127.0.0.1 at 2014-01-06 19:38:01 -0600


Started GET "/assets/jquery.js?body=1" for 127.0.0.1 at 2014-01-06 19:38:01 -0600


Started GET "/assets/application.js?body=1" for 127.0.0.1 at 2014-01-06 19:38:01 -0600


Started GET "/assets/products.js?body=1" for 127.0.0.1 at 2014-01-06 19:38:01 -0600


Started GET "/assets/turbolinks.js?body=1" for 127.0.0.1 at 2014-01-06 19:38:01 -0600


Started GET "/assets/jquery_ujs.js?body=1" for 127.0.0.1 at 2014-01-06 19:38:01 -0600


Started GET "/assets/cs.jpg" for 127.0.0.1 at 2014-01-06 19:38:01 -0600


Started GET "/assets/ruby.jpg" for 127.0.0.1 at 2014-01-06 19:38:01 -0600


Started GET "/assets/rtp.jpg" for 127.0.0.1 at 2014-01-06 19:38:01 -0600


Started GET "/products/new" for 127.0.0.1 at 2014-01-06 19:48:21 -0600
Processing by ProductsController#new as HTML
Completed 500 Internal Server Error in 2ms

NoMethodError (undefined method `validates' for ActiveRecord:Module):
  app/models/product.rb:1:in `<top (required)>'
  app/controllers/products_controller.rb:17:in `new'


  Rendered /usr/local/rvm/gems/ruby-2.0.0-p353/gems/actionpack-4.0.1/lib/action_dispatch/middleware/templates/rescues/_source.erb (1.5ms)
  Rendered /usr/local/rvm/gems/ruby-2.0.0-p353/gems/actionpack-4.0.1/lib/action_dispatch/middleware/templates/rescues/_trace.erb (1.8ms)
  Rendered /usr/local/rvm/gems/ruby-2.0.0-p353/gems/actionpack-4.0.1/lib/action_dispatch/middleware/templates/rescues/_request_and_response.erb (1.2ms)
  Rendered /usr/local/rvm/gems/ruby-2.0.0-p353/gems/actionpack-4.0.1/lib/action_dispatch/middleware/templates/rescues/diagnostics.erb within rescues/layout (23.6ms)


Started GET "/products/new" for 127.0.0.1 at 2014-01-06 19:48:21 -0600
Processing by ProductsController#new as HTML
Completed 500 Internal Server Error in 2ms

NoMethodError (undefined method `validates' for ActiveRecord:Module):
  app/models/product.rb:1:in `<top (required)>'
  app/controllers/products_controller.rb:17:in `new'


  Rendered /usr/local/rvm/gems/ruby-2.0.0-p353/gems/actionpack-4.0.1/lib/action_dispatch/middleware/templates/rescues/_source.erb (0.9ms)
  Rendered /usr/local/rvm/gems/ruby-2.0.0-p353/gems/actionpack-4.0.1/lib/action_dispatch/middleware/templates/rescues/_trace.erb (1.6ms)
  Rendered /usr/local/rvm/gems/ruby-2.0.0-p353/gems/actionpack-4.0.1/lib/action_dispatch/middleware/templates/rescues/_request_and_response.erb (25.1ms)
  Rendered /usr/local/rvm/gems/ruby-2.0.0-p353/gems/actionpack-4.0.1/lib/action_dispatch/middleware/templates/rescues/diagnostics.erb within rescues/layout (42.8ms)


Started GET "/products/new" for 127.0.0.1 at 2014-01-06 19:48:34 -0600
Processing by ProductsController#new as HTML
Completed 500 Internal Server Error in 2ms

NoMethodError (undefined method `validates' for ActiveRecord:Module):
  app/models/product.rb:1:in `<top (required)>'
  app/controllers/products_controller.rb:17:in `new'


  Rendered /usr/local/rvm/gems/ruby-2.0.0-p353/gems/actionpack-4.0.1/lib/action_dispatch/middleware/templates/rescues/_source.erb (0.9ms)
  Rendered /usr/local/rvm/gems/ruby-2.0.0-p353/gems/actionpack-4.0.1/lib/action_dispatch/middleware/templates/rescues/_trace.erb (1.4ms)
  Rendered /usr/local/rvm/gems/ruby-2.0.0-p353/gems/actionpack-4.0.1/lib/action_dispatch/middleware/templates/rescues/_request_and_response.erb (1.1ms)
  Rendered /usr/local/rvm/gems/ruby-2.0.0-p353/gems/actionpack-4.0.1/lib/action_dispatch/middleware/templates/rescues/diagnostics.erb within rescues/layout (17.8ms)


Started GET "/products/new" for 127.0.0.1 at 2014-01-06 19:48:34 -0600
Processing by ProductsController#new as HTML
Completed 500 Internal Server Error in 2ms

NoMethodError (undefined method `validates' for ActiveRecord:Module):
  app/models/product.rb:1:in `<top (required)>'
  app/controllers/products_controller.rb:17:in `new'


  Rendered /usr/local/rvm/gems/ruby-2.0.0-p353/gems/actionpack-4.0.1/lib/action_dispatch/middleware/templates/rescues/_source.erb (0.8ms)
  Rendered /usr/local/rvm/gems/ruby-2.0.0-p353/gems/actionpack-4.0.1/lib/action_dispatch/middleware/templates/rescues/_trace.erb (1.4ms)
  Rendered /usr/local/rvm/gems/ruby-2.0.0-p353/gems/actionpack-4.0.1/lib/action_dispatch/middleware/templates/rescues/_request_and_response.erb (1.1ms)
  Rendered /usr/local/rvm/gems/ruby-2.0.0-p353/gems/actionpack-4.0.1/lib/action_dispatch/middleware/templates/rescues/diagnostics.erb within rescues/layout (17.3ms)


Started GET "/products/1" for 127.0.0.1 at 2014-01-06 19:48:34 -0600
Processing by ProductsController#show as HTML
  Parameters: {"id"=>"1"}
Completed 500 Internal Server Error in 2ms

NoMethodError (undefined method `validates' for ActiveRecord:Module):
  app/models/product.rb:1:in `<top (required)>'
  app/controllers/products_controller.rb:67:in `set_product'


  Rendered /usr/local/rvm/gems/ruby-2.0.0-p353/gems/actionpack-4.0.1/lib/action_dispatch/middleware/templates/rescues/_source.erb (1.0ms)
  Rendered /usr/local/rvm/gems/ruby-2.0.0-p353/gems/actionpack-4.0.1/lib/action_dispatch/middleware/templates/rescues/_trace.erb (3.0ms)
  Rendered /usr/local/rvm/gems/ruby-2.0.0-p353/gems/actionpack-4.0.1/lib/action_dispatch/middleware/templates/rescues/_request_and_response.erb (1.5ms)
  Rendered /usr/local/rvm/gems/ruby-2.0.0-p353/gems/actionpack-4.0.1/lib/action_dispatch/middleware/templates/rescues/diagnostics.erb within rescues/layout (29.9ms)


Started GET "/products" for 127.0.0.1 at 2014-01-06 19:48:34 -0600
Processing by ProductsController#index as HTML
Completed 500 Internal Server Error in 2ms

NoMethodError (undefined method `validates' for ActiveRecord:Module):
  app/models/product.rb:1:in `<top (required)>'
  app/controllers/products_controller.rb:7:in `index'


  Rendered /usr/local/rvm/gems/ruby-2.0.0-p353/gems/actionpack-4.0.1/lib/action_dispatch/middleware/templates/rescues/_source.erb (0.8ms)
  Rendered /usr/local/rvm/gems/ruby-2.0.0-p353/gems/actionpack-4.0.1/lib/action_dispatch/middleware/templates/rescues/_trace.erb (1.6ms)
  Rendered /usr/local/rvm/gems/ruby-2.0.0-p353/gems/actionpack-4.0.1/lib/action_dispatch/middleware/templates/rescues/_request_and_response.erb (1.1ms)
  Rendered /usr/local/rvm/gems/ruby-2.0.0-p353/gems/actionpack-4.0.1/lib/action_dispatch/middleware/templates/rescues/diagnostics.erb within rescues/layout (17.5ms)


Started GET "/products" for 127.0.0.1 at 2014-01-06 19:48:34 -0600
Processing by ProductsController#index as HTML
Completed 500 Internal Server Error in 2ms

NoMethodError (undefined method `validates' for ActiveRecord:Module):
  app/models/product.rb:1:in `<top (required)>'
  app/controllers/products_controller.rb:7:in `index'


  Rendered /usr/local/rvm/gems/ruby-2.0.0-p353/gems/actionpack-4.0.1/lib/action_dispatch/middleware/templates/rescues/_source.erb (0.8ms)
  Rendered /usr/local/rvm/gems/ruby-2.0.0-p353/gems/actionpack-4.0.1/lib/action_dispatch/middleware/templates/rescues/_trace.erb (1.4ms)
  Rendered /usr/local/rvm/gems/ruby-2.0.0-p353/gems/actionpack-4.0.1/lib/action_dispatch/middleware/templates/rescues/_request_and_response.erb (1.3ms)
  Rendered /usr/local/rvm/gems/ruby-2.0.0-p353/gems/actionpack-4.0.1/lib/action_dispatch/middleware/templates/rescues/diagnostics.erb within rescues/layout (18.2ms)


Started GET "/products" for 127.0.0.1 at 2014-01-06 19:48:45 -0600
Processing by ProductsController#index as HTML
  [1m[35mProduct Load (0.5ms)[0m  SELECT "products".* FROM "products"
  Rendered products/index.html.erb within layouts/application (12.8ms)
Completed 200 OK in 21ms (Views: 17.1ms | ActiveRecord: 1.0ms)


Started GET "/assets/application.css?body=1" for 127.0.0.1 at 2014-01-06 19:48:45 -0600


Started GET "/assets/turbolinks.js?body=1" for 127.0.0.1 at 2014-01-06 19:48:45 -0600


Started GET "/assets/jquery.js?body=1" for 127.0.0.1 at 2014-01-06 19:48:45 -0600


Started GET "/assets/products.css?body=1" for 127.0.0.1 at 2014-01-06 19:48:45 -0600


Started GET "/assets/products.js?body=1" for 127.0.0.1 at 2014-01-06 19:48:45 -0600


Started GET "/assets/jquery_ujs.js?body=1" for 127.0.0.1 at 2014-01-06 19:48:45 -0600


Started GET "/assets/scaffolds.css?body=1" for 127.0.0.1 at 2014-01-06 19:48:45 -0600


Started GET "/assets/application.js?body=1" for 127.0.0.1 at 2014-01-06 19:48:45 -0600


Started GET "/assets/rtp.jpg" for 127.0.0.1 at 2014-01-06 19:48:45 -0600


Started GET "/products/new" for 127.0.0.1 at 2014-01-06 19:48:47 -0600
Processing by ProductsController#new as HTML
  Rendered products/_form.html.erb (4.2ms)
  Rendered products/new.html.erb within layouts/application (5.5ms)
Completed 200 OK in 12ms (Views: 10.9ms | ActiveRecord: 0.0ms)


Started POST "/products" for 127.0.0.1 at 2014-01-06 19:48:49 -0600
Processing by ProductsController#create as HTML
  Parameters: {"utf8"=>"✓", "authenticity_token"=>"kTF34X+lLi283E9mal1A/+kXoYPMohHtHLs6vE0Til8=", "product"=>{"title"=>"", "description"=>"", "image_url"=>"", "price"=>""}, "commit"=>"Create Product"}
  [1m[36m (0.1ms)[0m  [1mbegin transaction[0m
  [1m[35m (0.1ms)[0m  rollback transaction
  Rendered products/_form.html.erb (6.8ms)
  Rendered products/new.html.erb within layouts/application (7.9ms)
Completed 200 OK in 18ms (Views: 13.1ms | ActiveRecord: 0.2ms)


Started GET "/assets/application.css?body=1" for 127.0.0.1 at 2014-01-06 19:48:49 -0600


Started GET "/assets/scaffolds.css?body=1" for 127.0.0.1 at 2014-01-06 19:48:49 -0600


Started GET "/assets/jquery_ujs.js?body=1" for 127.0.0.1 at 2014-01-06 19:48:49 -0600


Started GET "/assets/turbolinks.js?body=1" for 127.0.0.1 at 2014-01-06 19:48:49 -0600


Started GET "/assets/products.css?body=1" for 127.0.0.1 at 2014-01-06 19:48:49 -0600


Started GET "/assets/jquery.js?body=1" for 127.0.0.1 at 2014-01-06 19:48:49 -0600


Started GET "/assets/products.js?body=1" for 127.0.0.1 at 2014-01-06 19:48:49 -0600


Started GET "/assets/application.js?body=1" for 127.0.0.1 at 2014-01-06 19:48:49 -0600


Started POST "/products" for 127.0.0.1 at 2014-01-06 19:51:18 -0600
Processing by ProductsController#create as HTML
  Parameters: {"utf8"=>"✓", "authenticity_token"=>"kTF34X+lLi283E9mal1A/+kXoYPMohHtHLs6vE0Til8=", "product"=>{"title"=>"Luwak", "description"=>"This is not just a coffee, it has been shit a person behind me ", "image_url"=>"ruby.jpg", "price"=>"booo"}, "commit"=>"Create Product"}
  [1m[36m (0.1ms)[0m  [1mbegin transaction[0m
  [1m[35m (0.1ms)[0m  rollback transaction
  Rendered products/_form.html.erb (26.4ms)
  Rendered products/new.html.erb within layouts/application (28.1ms)
Completed 200 OK in 52ms (Views: 34.8ms | ActiveRecord: 1.0ms)


Started GET "/assets/application.css?body=1" for 127.0.0.1 at 2014-01-06 19:51:18 -0600


Started GET "/assets/products.css?body=1" for 127.0.0.1 at 2014-01-06 19:51:18 -0600


Started GET "/assets/products.js?body=1" for 127.0.0.1 at 2014-01-06 19:51:18 -0600


Started GET "/assets/application.js?body=1" for 127.0.0.1 at 2014-01-06 19:51:18 -0600


Started GET "/assets/scaffolds.css?body=1" for 127.0.0.1 at 2014-01-06 19:51:18 -0600


Started GET "/assets/jquery_ujs.js?body=1" for 127.0.0.1 at 2014-01-06 19:51:18 -0600


Started GET "/assets/jquery.js?body=1" for 127.0.0.1 at 2014-01-06 19:51:18 -0600


Started GET "/assets/turbolinks.js?body=1" for 127.0.0.1 at 2014-01-06 19:51:18 -0600


Started POST "/products" for 127.0.0.1 at 2014-01-06 19:51:28 -0600
Processing by ProductsController#create as HTML
  Parameters: {"utf8"=>"✓", "authenticity_token"=>"kTF34X+lLi283E9mal1A/+kXoYPMohHtHLs6vE0Til8=", "product"=>{"title"=>"Luwak", "description"=>"This is not just a coffee, it has been shit a person behind me ", "image_url"=>"ruby.jpg", "price"=>"4.99"}, "commit"=>"Create Product"}
  [1m[36m (0.1ms)[0m  [1mbegin transaction[0m
  [1m[35mSQL (2.1ms)[0m  INSERT INTO "products" ("created_at", "description", "image_url", "price", "title", "updated_at") VALUES (?, ?, ?, ?, ?, ?)  [["created_at", Tue, 07 Jan 2014 01:51:28 UTC +00:00], ["description", "This is not just a coffee, it has been shit a person behind me "], ["image_url", "ruby.jpg"], ["price", #<BigDecimal:7f8e95aeb9a8,'0.499E1',18(18)>], ["title", "Luwak"], ["updated_at", Tue, 07 Jan 2014 01:51:28 UTC +00:00]]
  [1m[36m (1.0ms)[0m  [1mcommit transaction[0m
Redirected to http://localhost:3000/products/5
Completed 302 Found in 10ms (ActiveRecord: 3.3ms)


Started GET "/products/5" for 127.0.0.1 at 2014-01-06 19:51:28 -0600
Processing by ProductsController#show as HTML
  Parameters: {"id"=>"5"}
  [1m[35mProduct Load (0.3ms)[0m  SELECT "products".* FROM "products" WHERE "products"."id" = ? LIMIT 1  [["id", "5"]]
  Rendered products/show.html.erb within layouts/application (0.7ms)
Completed 200 OK in 9ms (Views: 6.6ms | ActiveRecord: 0.3ms)


Started GET "/assets/products.css?body=1" for 127.0.0.1 at 2014-01-06 19:51:28 -0600


Started GET "/assets/application.css?body=1" for 127.0.0.1 at 2014-01-06 19:51:28 -0600


Started GET "/assets/scaffolds.css?body=1" for 127.0.0.1 at 2014-01-06 19:51:28 -0600


Started GET "/assets/jquery.js?body=1" for 127.0.0.1 at 2014-01-06 19:51:28 -0600


Started GET "/assets/jquery_ujs.js?body=1" for 127.0.0.1 at 2014-01-06 19:51:28 -0600


Started GET "/assets/turbolinks.js?body=1" for 127.0.0.1 at 2014-01-06 19:51:28 -0600


Started GET "/assets/products.js?body=1" for 127.0.0.1 at 2014-01-06 19:51:28 -0600


Started GET "/assets/application.js?body=1" for 127.0.0.1 at 2014-01-06 19:51:28 -0600


Started GET "/products" for 127.0.0.1 at 2014-01-06 19:51:31 -0600
Processing by ProductsController#index as HTML
  [1m[36mProduct Load (0.3ms)[0m  [1mSELECT "products".* FROM "products"[0m
  Rendered products/index.html.erb within layouts/application (5.4ms)
Completed 200 OK in 12ms (Views: 11.1ms | ActiveRecord: 0.3ms)


Started GET "/assets/rtp.jpg" for 127.0.0.1 at 2014-01-06 19:51:31 -0600


Started GET "/products" for 127.0.0.1 at 2014-01-06 20:13:07 -0600
Processing by ProductsController#index as HTML
  [1m[35mProduct Load (0.5ms)[0m  SELECT "products".* FROM "products"
  Rendered products/index.html.erb within layouts/application (13.1ms)
Completed 200 OK in 22ms (Views: 17.4ms | ActiveRecord: 1.0ms)


Started GET "/assets/application.css?body=1" for 127.0.0.1 at 2014-01-06 20:13:07 -0600


Started GET "/assets/jquery_ujs.js?body=1" for 127.0.0.1 at 2014-01-06 20:13:07 -0600


Started GET "/assets/products.js?body=1" for 127.0.0.1 at 2014-01-06 20:13:07 -0600


Started GET "/assets/products.css?body=1" for 127.0.0.1 at 2014-01-06 20:13:07 -0600


Started GET "/assets/scaffolds.css?body=1" for 127.0.0.1 at 2014-01-06 20:13:07 -0600


Started GET "/assets/turbolinks.js?body=1" for 127.0.0.1 at 2014-01-06 20:13:07 -0600


Started GET "/assets/jquery.js?body=1" for 127.0.0.1 at 2014-01-06 20:13:07 -0600


Started GET "/assets/application.js?body=1" for 127.0.0.1 at 2014-01-06 20:13:07 -0600


Started GET "/assets/rtp.jpg" for 127.0.0.1 at 2014-01-06 20:13:07 -0600


Started GET "/products/3" for 127.0.0.1 at 2014-01-06 20:13:13 -0600
Processing by ProductsController#show as HTML
  Parameters: {"id"=>"3"}
  [1m[36mProduct Load (0.3ms)[0m  [1mSELECT "products".* FROM "products" WHERE "products"."id" = ? LIMIT 1[0m  [["id", "3"]]
  Rendered products/show.html.erb within layouts/application (1.3ms)
Completed 200 OK in 10ms (Views: 7.4ms | ActiveRecord: 0.3ms)


Started GET "/products/5" for 127.0.0.1 at 2014-01-06 20:13:16 -0600
Processing by ProductsController#show as HTML
  Parameters: {"id"=>"5"}
  [1m[35mProduct Load (0.2ms)[0m  SELECT "products".* FROM "products" WHERE "products"."id" = ? LIMIT 1  [["id", "5"]]
  Rendered products/show.html.erb within layouts/application (0.6ms)
Completed 200 OK in 8ms (Views: 5.9ms | ActiveRecord: 0.2ms)


Started GET "/products/4" for 127.0.0.1 at 2014-01-06 20:13:19 -0600
Processing by ProductsController#show as HTML
  Parameters: {"id"=>"4"}
  [1m[36mProduct Load (0.2ms)[0m  [1mSELECT "products".* FROM "products" WHERE "products"."id" = ? LIMIT 1[0m  [["id", "4"]]
  Rendered products/show.html.erb within layouts/application (0.6ms)
Completed 200 OK in 7ms (Views: 5.8ms | ActiveRecord: 0.2ms)
  [1m[36m (1.4ms)[0m  [1mCREATE TABLE "products" ("id" INTEGER PRIMARY KEY AUTOINCREMENT NOT NULL, "title" varchar(255), "description" text, "image_url" varchar(255), "price" decimal(8,2), "created_at" datetime, "updated_at" datetime) [0m
  [1m[35m (1.0ms)[0m  CREATE TABLE "schema_migrations" ("version" varchar(255) NOT NULL) 
  [1m[36m (1.1ms)[0m  [1mCREATE UNIQUE INDEX "unique_schema_migrations" ON "schema_migrations" ("version")[0m
  [1m[35m (0.1ms)[0m  SELECT version FROM "schema_migrations"
  [1m[36m (0.9ms)[0m  [1mINSERT INTO "schema_migrations" (version) VALUES ('20140107005610')[0m
